Determining if the pthread_create exist failed with the following output:
Change Dir: /home/guillermo/anaconda3/envs/CenterNet/CenterNet/src/ROS/centernet_ros/build/CMakeFiles/CMakeTmp

Run Build Command:"/usr/bin/make" "cmTC_985b7/fast"
make[1]: se entra en el directorio '/home/guillermo/anaconda3/envs/CenterNet/CenterNet/src/ROS/centernet_ros/build/CMakeFiles/CMakeTmp'
/usr/bin/make -f CMakeFiles/cmTC_985b7.dir/build.make CMakeFiles/cmTC_985b7.dir/build
make[2]: se entra en el directorio '/home/guillermo/anaconda3/envs/CenterNet/CenterNet/src/ROS/centernet_ros/build/CMakeFiles/CMakeTmp'
Building C object CMakeFiles/cmTC_985b7.dir/CheckSymbolExists.c.o
/usr/bin/cc    -o CMakeFiles/cmTC_985b7.dir/CheckSymbolExists.c.o   -c /home/guillermo/anaconda3/envs/CenterNet/CenterNet/src/ROS/centernet_ros/build/CMakeFiles/CMakeTmp/CheckSymbolExists.c
Linking C executable cmTC_985b7
/usr/bin/cmake -E cmake_link_script CMakeFiles/cmTC_985b7.dir/link.txt --verbose=1
/usr/bin/cc      -rdynamic CMakeFiles/cmTC_985b7.dir/CheckSymbolExists.c.o  -o cmTC_985b7 
CMakeFiles/cmTC_985b7.dir/CheckSymbolExists.c.o: En la función `main':
CheckSymbolExists.c:(.text+0x1b): referencia a `pthread_create' sin definir
collect2: error: ld returned 1 exit status
CMakeFiles/cmTC_985b7.dir/build.make:97: recipe for target 'cmTC_985b7' failed
make[2]: *** [cmTC_985b7] Error 1
make[2]: se sale del directorio '/home/guillermo/anaconda3/envs/CenterNet/CenterNet/src/ROS/centernet_ros/build/CMakeFiles/CMakeTmp'
Makefile:126: recipe for target 'cmTC_985b7/fast' failed
make[1]: *** [cmTC_985b7/fast] Error 2
make[1]: se sale del directorio '/home/guillermo/anaconda3/envs/CenterNet/CenterNet/src/ROS/centernet_ros/build/CMakeFiles/CMakeTmp'

File /home/guillermo/anaconda3/envs/CenterNet/CenterNet/src/ROS/centernet_ros/build/CMakeFiles/CMakeTmp/CheckSymbolExists.c:
/* */
#include <pthread.h>

int main(int argc, char** argv)
{
  (void)argv;
#ifndef pthread_create
  return ((int*)(&pthread_create))[argc];
#else
  (void)argc;
  return 0;
#endif
}

Determining if the function pthread_create exists in the pthreads failed with the following output:
Change Dir: /home/guillermo/anaconda3/envs/CenterNet/CenterNet/src/ROS/centernet_ros/build/CMakeFiles/CMakeTmp

Run Build Command:"/usr/bin/make" "cmTC_56526/fast"
make[1]: se entra en el directorio '/home/guillermo/anaconda3/envs/CenterNet/CenterNet/src/ROS/centernet_ros/build/CMakeFiles/CMakeTmp'
/usr/bin/make -f CMakeFiles/cmTC_56526.dir/build.make CMakeFiles/cmTC_56526.dir/build
make[2]: se entra en el directorio '/home/guillermo/anaconda3/envs/CenterNet/CenterNet/src/ROS/centernet_ros/build/CMakeFiles/CMakeTmp'
Building C object CMakeFiles/cmTC_56526.dir/CheckFunctionExists.c.o
/usr/bin/cc   -DCHECK_FUNCTION_EXISTS=pthread_create   -o CMakeFiles/cmTC_56526.dir/CheckFunctionExists.c.o   -c /usr/share/cmake-3.10/Modules/CheckFunctionExists.c
Linking C executable cmTC_56526
/usr/bin/cmake -E cmake_link_script CMakeFiles/cmTC_56526.dir/link.txt --verbose=1
/usr/bin/cc  -DCHECK_FUNCTION_EXISTS=pthread_create    -rdynamic CMakeFiles/cmTC_56526.dir/CheckFunctionExists.c.o  -o cmTC_56526 -lpthreads 
/usr/bin/ld: no se puede encontrar -lpthreads
collect2: error: ld returned 1 exit status
CMakeFiles/cmTC_56526.dir/build.make:97: recipe for target 'cmTC_56526' failed
make[2]: *** [cmTC_56526] Error 1
make[2]: se sale del directorio '/home/guillermo/anaconda3/envs/CenterNet/CenterNet/src/ROS/centernet_ros/build/CMakeFiles/CMakeTmp'
Makefile:126: recipe for target 'cmTC_56526/fast' failed
make[1]: *** [cmTC_56526/fast] Error 2
make[1]: se sale del directorio '/home/guillermo/anaconda3/envs/CenterNet/CenterNet/src/ROS/centernet_ros/build/CMakeFiles/CMakeTmp'


Determining if the pthread_create exist failed with the following output:
Change Dir: /home/guillermo/anaconda3/envs/CenterNet/CenterNet/src/ROS/src/centernet_ros/build/CMakeFiles/CMakeTmp

Run Build Command:"/usr/bin/make" "cmTC_2cf94/fast"
make[1]: se entra en el directorio '/home/guillermo/anaconda3/envs/CenterNet/CenterNet/src/ROS/src/centernet_ros/build/CMakeFiles/CMakeTmp'
/usr/bin/make -f CMakeFiles/cmTC_2cf94.dir/build.make CMakeFiles/cmTC_2cf94.dir/build
make[2]: se entra en el directorio '/home/guillermo/anaconda3/envs/CenterNet/CenterNet/src/ROS/src/centernet_ros/build/CMakeFiles/CMakeTmp'
Building C object CMakeFiles/cmTC_2cf94.dir/CheckSymbolExists.c.o
/usr/bin/cc    -o CMakeFiles/cmTC_2cf94.dir/CheckSymbolExists.c.o   -c /home/guillermo/anaconda3/envs/CenterNet/CenterNet/src/ROS/src/centernet_ros/build/CMakeFiles/CMakeTmp/CheckSymbolExists.c
Linking C executable cmTC_2cf94
/usr/bin/cmake -E cmake_link_script CMakeFiles/cmTC_2cf94.dir/link.txt --verbose=1
/usr/bin/cc      -rdynamic CMakeFiles/cmTC_2cf94.dir/CheckSymbolExists.c.o  -o cmTC_2cf94 
CMakeFiles/cmTC_2cf94.dir/CheckSymbolExists.c.o: En la función `main':
CheckSymbolExists.c:(.text+0x1b): referencia a `pthread_create' sin definir
collect2: error: ld returned 1 exit status
CMakeFiles/cmTC_2cf94.dir/build.make:97: recipe for target 'cmTC_2cf94' failed
make[2]: *** [cmTC_2cf94] Error 1
make[2]: se sale del directorio '/home/guillermo/anaconda3/envs/CenterNet/CenterNet/src/ROS/src/centernet_ros/build/CMakeFiles/CMakeTmp'
Makefile:126: recipe for target 'cmTC_2cf94/fast' failed
make[1]: *** [cmTC_2cf94/fast] Error 2
make[1]: se sale del directorio '/home/guillermo/anaconda3/envs/CenterNet/CenterNet/src/ROS/src/centernet_ros/build/CMakeFiles/CMakeTmp'

File /home/guillermo/anaconda3/envs/CenterNet/CenterNet/src/ROS/src/centernet_ros/build/CMakeFiles/CMakeTmp/CheckSymbolExists.c:
/* */
#include <pthread.h>

int main(int argc, char** argv)
{
  (void)argv;
#ifndef pthread_create
  return ((int*)(&pthread_create))[argc];
#else
  (void)argc;
  return 0;
#endif
}

Determining if the function pthread_create exists in the pthreads failed with the following output:
Change Dir: /home/guillermo/anaconda3/envs/CenterNet/CenterNet/src/ROS/src/centernet_ros/build/CMakeFiles/CMakeTmp

Run Build Command:"/usr/bin/make" "cmTC_58a5e/fast"
make[1]: se entra en el directorio '/home/guillermo/anaconda3/envs/CenterNet/CenterNet/src/ROS/src/centernet_ros/build/CMakeFiles/CMakeTmp'
/usr/bin/make -f CMakeFiles/cmTC_58a5e.dir/build.make CMakeFiles/cmTC_58a5e.dir/build
make[2]: se entra en el directorio '/home/guillermo/anaconda3/envs/CenterNet/CenterNet/src/ROS/src/centernet_ros/build/CMakeFiles/CMakeTmp'
Building C object CMakeFiles/cmTC_58a5e.dir/CheckFunctionExists.c.o
/usr/bin/cc   -DCHECK_FUNCTION_EXISTS=pthread_create   -o CMakeFiles/cmTC_58a5e.dir/CheckFunctionExists.c.o   -c /usr/share/cmake-3.10/Modules/CheckFunctionExists.c
Linking C executable cmTC_58a5e
/usr/bin/cmake -E cmake_link_script CMakeFiles/cmTC_58a5e.dir/link.txt --verbose=1
/usr/bin/cc  -DCHECK_FUNCTION_EXISTS=pthread_create    -rdynamic CMakeFiles/cmTC_58a5e.dir/CheckFunctionExists.c.o  -o cmTC_58a5e -lpthreads 
/usr/bin/ld: no se puede encontrar -lpthreads
collect2: error: ld returned 1 exit status
CMakeFiles/cmTC_58a5e.dir/build.make:97: recipe for target 'cmTC_58a5e' failed
make[2]: *** [cmTC_58a5e] Error 1
make[2]: se sale del directorio '/home/guillermo/anaconda3/envs/CenterNet/CenterNet/src/ROS/src/centernet_ros/build/CMakeFiles/CMakeTmp'
Makefile:126: recipe for target 'cmTC_58a5e/fast' failed
make[1]: *** [cmTC_58a5e/fast] Error 2
make[1]: se sale del directorio '/home/guillermo/anaconda3/envs/CenterNet/CenterNet/src/ROS/src/centernet_ros/build/CMakeFiles/CMakeTmp'


